This is pdfTeX, Version 3.1415926-1.40.10 (TeX Live 2009/Debian) (format=pdflatex 2011.10.17)  25 OCT 2011 15:22
entering extended mode
 %&-line parsing enabled.
**dip.tex
(./dip.tex
LaTeX2e <2009/09/24>
Babel <v3.8l> and hyphenation patterns for english, usenglishmax, dumylang, noh
yphenation, farsi, arabic, croatian, bulgarian, ukrainian, russian, czech, slov
ak, danish, dutch, finnish, french, basque, ngerman, german, german-x-2009-06-1
9, ngerman-x-2009-06-19, ibycus, monogreek, greek, ancientgreek, hungarian, san
skrit, italian, latin, latvian, lithuanian, mongolian2a, mongolian, bokmal, nyn
orsk, romanian, irish, coptic, serbian, turkish, welsh, esperanto, uppersorbian
, estonian, indonesian, interlingua, icelandic, kurmanji, slovenian, polish, po
rtuguese, spanish, galician, catalan, swedish, ukenglish, pinyin, loaded.
(/usr/share/texmf-texlive/tex/latex/base/book.cls
Document Class: book 2007/10/19 v1.4h Standard LaTeX document class
(/usr/share/texmf-texlive/tex/latex/base/bk10.clo
File: bk10.clo 2007/10/19 v1.4h Standard LaTeX file (size option)
)
\c@part=\count79
\c@chapter=\count80
\c@section=\count81
\c@subsection=\count82
\c@subsubsection=\count83
\c@paragraph=\count84
\c@subparagraph=\count85
\c@figure=\count86
\c@table=\count87
\abovecaptionskip=\skip41
\belowcaptionskip=\skip42
\bibindent=\dimen102
)
(/usr/share/texmf-texlive/tex/latex/geometry/geometry.sty
Package: geometry 2008/12/21 v4.2 Page Geometry

(/usr/share/texmf-texlive/tex/latex/graphics/keyval.sty
Package: keyval 1999/03/16 v1.13 key=value parser (DPC)
\KV@toks@=\toks14
)
(/usr/share/texmf-texlive/tex/generic/oberdiek/ifpdf.sty
Package: ifpdf 2009/04/10 v2.0 Provides the ifpdf switch (HO)
Package ifpdf Info: pdfTeX in pdf mode detected.
)
(/usr/share/texmf-texlive/tex/generic/oberdiek/ifvtex.sty
Package: ifvtex 2008/11/04 v1.4 Switches for detecting VTeX and its modes (HO)
Package ifvtex Info: VTeX not detected.
)
\Gm@cnth=\count88
\Gm@cntv=\count89
\c@Gm@tempcnt=\count90
\Gm@bindingoffset=\dimen103
\Gm@wd@mp=\dimen104
\Gm@odd@mp=\dimen105
\Gm@even@mp=\dimen106
\Gm@dimlist=\toks15

(/usr/share/texmf-texlive/tex/xelatex/xetexconfig/geometry.cfg))
(/usr/share/texmf-texlive/tex/latex/base/inputenc.sty
Package: inputenc 2008/03/30 v1.1d Input encoding file
\inpenc@prehook=\toks16
\inpenc@posthook=\toks17

(/usr/share/texmf-texlive/tex/latex/ucs/utf8x.def
File: utf8x.def 2004/10/17 UCS: Input encoding UTF-8
))
(/usr/share/texmf-texlive/tex/latex/ucs/ucs.sty
Package: ucs 2004/10/17 UCS: Unicode input support

(/usr/share/texmf-texlive/tex/latex/ucs/data/uni-global.def
File: uni-global.def 2004/10/17 UCS: Unicode global data
)
\uc@secondtry=\count91
\uc@combtoks=\toks18
\uc@combtoksb=\toks19
\uc@temptokena=\toks20
)
(/usr/share/texmf-texlive/tex/latex/base/textcomp.sty
Package: textcomp 2005/09/27 v1.99g Standard LaTeX package
Package textcomp Info: Sub-encoding information:
(textcomp)               5 = only ISO-Adobe without \textcurrency
(textcomp)               4 = 5 + \texteuro
(textcomp)               3 = 4 + \textohm
(textcomp)               2 = 3 + \textestimated + \textcurrency
(textcomp)               1 = TS1 - \textcircled - \t
(textcomp)               0 = TS1 (full)
(textcomp)             Font families with sub-encoding setting implement
(textcomp)             only a restricted character set as indicated.
(textcomp)             Family '?' is the default used for unknown fonts.
(textcomp)             See the documentation for details.
Package textcomp Info: Setting ? sub-encoding to TS1/1 on input line 71.

(/usr/share/texmf-texlive/tex/latex/base/ts1enc.def
File: ts1enc.def 2001/06/05 v3.0e (jk/car/fm) Standard LaTeX file
)
LaTeX Info: Redefining \oldstylenums on input line 266.
Package textcomp Info: Setting cmr sub-encoding to TS1/0 on input line 281.
Package textcomp Info: Setting cmss sub-encoding to TS1/0 on input line 282.
Package textcomp Info: Setting cmtt sub-encoding to TS1/0 on input line 283.
Package textcomp Info: Setting cmvtt sub-encoding to TS1/0 on input line 284.
Package textcomp Info: Setting cmbr sub-encoding to TS1/0 on input line 285.
Package textcomp Info: Setting cmtl sub-encoding to TS1/0 on input line 286.
Package textcomp Info: Setting ccr sub-encoding to TS1/0 on input line 287.
Package textcomp Info: Setting ptm sub-encoding to TS1/4 on input line 288.
Package textcomp Info: Setting pcr sub-encoding to TS1/4 on input line 289.
Package textcomp Info: Setting phv sub-encoding to TS1/4 on input line 290.
Package textcomp Info: Setting ppl sub-encoding to TS1/3 on input line 291.
Package textcomp Info: Setting pag sub-encoding to TS1/4 on input line 292.
Package textcomp Info: Setting pbk sub-encoding to TS1/4 on input line 293.
Package textcomp Info: Setting pnc sub-encoding to TS1/4 on input line 294.
Package textcomp Info: Setting pzc sub-encoding to TS1/4 on input line 295.
Package textcomp Info: Setting bch sub-encoding to TS1/4 on input line 296.
Package textcomp Info: Setting put sub-encoding to TS1/5 on input line 297.
Package textcomp Info: Setting uag sub-encoding to TS1/5 on input line 298.
Package textcomp Info: Setting ugq sub-encoding to TS1/5 on input line 299.
Package textcomp Info: Setting ul8 sub-encoding to TS1/4 on input line 300.
Package textcomp Info: Setting ul9 sub-encoding to TS1/4 on input line 301.
Package textcomp Info: Setting augie sub-encoding to TS1/5 on input line 302.
Package textcomp Info: Setting dayrom sub-encoding to TS1/3 on input line 303.
Package textcomp Info: Setting dayroms sub-encoding to TS1/3 on input line 304.

Package textcomp Info: Setting pxr sub-encoding to TS1/0 on input line 305.
Package textcomp Info: Setting pxss sub-encoding to TS1/0 on input line 306.
Package textcomp Info: Setting pxtt sub-encoding to TS1/0 on input line 307.
Package textcomp Info: Setting txr sub-encoding to TS1/0 on input line 308.
Package textcomp Info: Setting txss sub-encoding to TS1/0 on input line 309.
Package textcomp Info: Setting txtt sub-encoding to TS1/0 on input line 310.
Package textcomp Info: Setting futs sub-encoding to TS1/4 on input line 311.
Package textcomp Info: Setting futx sub-encoding to TS1/4 on input line 312.
Package textcomp Info: Setting futj sub-encoding to TS1/4 on input line 313.
Package textcomp Info: Setting hlh sub-encoding to TS1/3 on input line 314.
Package textcomp Info: Setting hls sub-encoding to TS1/3 on input line 315.
Package textcomp Info: Setting hlst sub-encoding to TS1/3 on input line 316.
Package textcomp Info: Setting hlct sub-encoding to TS1/5 on input line 317.
Package textcomp Info: Setting hlx sub-encoding to TS1/5 on input line 318.
Package textcomp Info: Setting hlce sub-encoding to TS1/5 on input line 319.
Package textcomp Info: Setting hlcn sub-encoding to TS1/5 on input line 320.
Package textcomp Info: Setting hlcw sub-encoding to TS1/5 on input line 321.
Package textcomp Info: Setting hlcf sub-encoding to TS1/5 on input line 322.
Package textcomp Info: Setting pplx sub-encoding to TS1/3 on input line 323.
Package textcomp Info: Setting pplj sub-encoding to TS1/3 on input line 324.
Package textcomp Info: Setting ptmx sub-encoding to TS1/4 on input line 325.
Package textcomp Info: Setting ptmj sub-encoding to TS1/4 on input line 326.
)
(/usr/share/texmf-texlive/tex/latex/base/fixltx2e.sty
Package: fixltx2e 2006/09/13 v1.1m fixes to LaTeX
LaTeX Info: Redefining \em on input line 420.
)
(/usr/share/texmf-texlive/tex/latex/natbib/natbib.sty
Package: natbib 2009/07/16 8.31 (PWD, AO)
\bibhang=\skip43
\bibsep=\skip44
LaTeX Info: Redefining \cite on input line 694.
\c@NAT@ctr=\count92
)
(/usr/share/texmf-texlive/tex/latex/setspace/setspace.sty
Package: setspace 2000/12/01 6.7 Contributed and Supported LaTeX2e package

Package: `setspace' 6.7 <2000/12/01>
) (/usr/share/texmf-texlive/tex/latex/preprint/fullpage.sty
Package: fullpage 1999/02/23 1.1 (PWD)
\FP@margin=\skip45
)
(/usr/share/texmf-texlive/tex/latex/graphics/graphicx.sty
Package: graphicx 1999/02/16 v1.0f Enhanced LaTeX Graphics (DPC,SPQR)

(/usr/share/texmf-texlive/tex/latex/graphics/graphics.sty
Package: graphics 2009/02/05 v1.0o Standard LaTeX Graphics (DPC,SPQR)

(/usr/share/texmf-texlive/tex/latex/graphics/trig.sty
Package: trig 1999/03/16 v1.09 sin cos tan (DPC)
)
(/etc/texmf/tex/latex/config/graphics.cfg
File: graphics.cfg 2009/08/28 v1.8 graphics configuration of TeX Live
)
Package graphics Info: Driver file: pdftex.def on input line 91.

(/usr/share/texmf-texlive/tex/latex/pdftex-def/pdftex.def
File: pdftex.def 2010/03/12 v0.04p Graphics/color for pdfTeX
\Gread@gobject=\count93
))
\Gin@req@height=\dimen107
\Gin@req@width=\dimen108
)
(/usr/share/texmf-texlive/tex/latex/pdfpages/pdfpages.sty
Package: pdfpages 2009/02/07 v0.4g Insert pages of external PDF documents (AM)

(/usr/share/texmf-texlive/tex/latex/base/ifthen.sty
Package: ifthen 2001/05/26 v1.1c Standard LaTeX ifthen package (DPC)
)
(/usr/share/texmf-texlive/tex/latex/tools/calc.sty
Package: calc 2007/08/22 v4.3 Infix arithmetic (KKT,FJ)
\calc@Acount=\count94
\calc@Bcount=\count95
\calc@Adimen=\dimen109
\calc@Bdimen=\dimen110
\calc@Askip=\skip46
\calc@Bskip=\skip47
LaTeX Info: Redefining \setlength on input line 76.
LaTeX Info: Redefining \addtolength on input line 77.
\calc@Ccount=\count96
\calc@Cskip=\skip48
)
(/usr/share/texmf-texlive/tex/latex/eso-pic/eso-pic.sty
Package: eso-pic 2006/07/14 v1.1d eso-pic (RN)

(/usr/share/texmf-texlive/tex/latex/ms/everyshi.sty
Package: everyshi 2001/05/15 v3.00 EveryShipout Package (MS)
))
(/usr/share/texmf-texlive/tex/latex/pdfpages/pppdftex.def
File: pppdftex.def 2009/02/07 v0.4g Pdfpages driver for pdfTeX (AM)
)
\AM@pagebox=\box26
\AM@toc@title=\toks21
\c@AM@survey=\count97
\AM@templatesizebox=\box27
)
(/usr/share/texmf/tex/latex/R/tex/latex/Sweave.sty
Package: Sweave 

(/usr/share/texmf-texlive/tex/latex/fancyvrb/fancyvrb.sty
Package: fancyvrb 2008/02/07

Style option: `fancyvrb' v2.7a, with DG/SPQR fixes, and firstline=lastline fix 
<2008/02/07> (tvz)
\FV@CodeLineNo=\count98
\FV@InFile=\read1
\FV@TabBox=\box28
\c@FancyVerbLine=\count99
\FV@StepNumber=\count100
\FV@OutFile=\write3
) (/usr/share/texmf/tex/latex/R/tex/latex/upquote.sty
Package: upquote 2003/08/11 v1.1 Covington's upright-quote modification to verb
atim and verb
)
(/usr/share/texmf-texlive/tex/latex/base/fontenc.sty
Package: fontenc 2005/09/27 v1.99g Standard LaTeX package

(/usr/share/texmf-texlive/tex/latex/base/t1enc.def
File: t1enc.def 2005/09/27 v1.99g Standard LaTeX file
LaTeX Font Info:    Redeclaring font encoding T1 on input line 43.
))
(/usr/share/texmf-texlive/tex/latex/ae/ae.sty
Package: ae 2001/02/12 1.3 Almost European Computer Modern

(/usr/share/texmf-texlive/tex/latex/base/fontenc.sty
Package: fontenc 2005/09/27 v1.99g Standard LaTeX package

(/usr/share/texmf-texlive/tex/latex/base/t1enc.def
File: t1enc.def 2005/09/27 v1.99g Standard LaTeX file
LaTeX Font Info:    Redeclaring font encoding T1 on input line 43.
)
LaTeX Font Info:    Try loading font information for T1+aer on input line 100.

(/usr/share/texmf-texlive/tex/latex/ae/t1aer.fd
File: t1aer.fd 1997/11/16 Font definitions for T1/aer.
)))) (./dip.aux)
\openout1 = `dip.aux'.

LaTeX Font Info:    Checking defaults for OML/cmm/m/it on input line 26.
LaTeX Font Info:    ... okay on input line 26.
LaTeX Font Info:    Checking defaults for T1/cmr/m/n on input line 26.
LaTeX Font Info:    ... okay on input line 26.
LaTeX Font Info:    Checking defaults for OT1/cmr/m/n on input line 26.
LaTeX Font Info:    ... okay on input line 26.
LaTeX Font Info:    Checking defaults for OMS/cmsy/m/n on input line 26.
LaTeX Font Info:    ... okay on input line 26.
LaTeX Font Info:    Checking defaults for OMX/cmex/m/n on input line 26.
LaTeX Font Info:    ... okay on input line 26.
LaTeX Font Info:    Checking defaults for U/cmr/m/n on input line 26.
LaTeX Font Info:    ... okay on input line 26.
LaTeX Font Info:    Checking defaults for TS1/cmr/m/n on input line 26.
LaTeX Font Info:    Try loading font information for TS1+cmr on input line 26.

(/usr/share/texmf-texlive/tex/latex/base/ts1cmr.fd
File: ts1cmr.fd 1999/05/25 v2.5h Standard LaTeX font definitions
)
LaTeX Font Info:    ... okay on input line 26.

*geometry auto-detecting driver*
*geometry detected driver: pdftex*
-------------------- Geometry parameters
paper: a4paper
landscape: --
twocolumn: --
twoside: true
asymmetric: --
h-parts: 71.70166pt, 0.7\paperwidth , 107.55254pt (default)
v-parts: 101.40665pt, 0.7\paperheight , 152.11pt (default)
hmarginratio: 2:3
vmarginratio: 2:3
lines: --
heightrounded: --
bindingoffset: 0.0pt
truedimen: --
includehead: --
includefoot: --
includemp: --
driver: pdftex
-------------------- Page layout dimensions and switches
\paperwidth  597.50787pt
\paperheight 845.04684pt
\textwidth  452.9679pt
\textheight 675.21193pt
\oddsidemargin  0.0pt
\evensidemargin 0.0pt
\topmargin  0.0pt
\headheight 0.0pt
\headsep    0.0pt
\footskip   25.29494pt
\marginparwidth 115.0pt
\marginparsep   7.0pt
\columnsep  10.0pt
\skip\footins  9.0pt plus 4.0pt minus 2.0pt
\hoffset 0.0pt
\voffset 0.0pt
\mag 1000
\@twosidetrue \@mparswitchtrue 
(1in=72.27pt, 1cm=28.45pt)
-----------------------
(/usr/share/texmf-texlive/tex/latex/ucs/ucsencs.def
File: ucsencs.def 2003/11/29 Fixes to fontencodings LGR, T3
)
(/usr/share/texmf/tex/context/base/supp-pdf.mkii
[Loading MPS to PDF converter (version 2006.09.02).]
\scratchcounter=\count101
\scratchdimen=\dimen111
\scratchbox=\box29
\nofMPsegments=\count102
\nofMParguments=\count103
\everyMPshowfont=\toks22
\MPscratchCnt=\count104
\MPscratchDim=\dimen112
\MPnumerator=\count105
\everyMPtoPDFconversion=\toks23
) ABD: EveryShipout initializing macros
(/usr/share/texmf-texlive/tex/latex/graphics/color.sty
Package: color 2005/11/14 v1.0j Standard LaTeX Color (DPC)

(/etc/texmf/tex/latex/config/color.cfg
File: color.cfg 2007/01/18 v1.5 color configuration of teTeX/TeXLive
)
Package color Info: Driver file: pdftex.def on input line 130.
)
<RZ_Logo_Uni_sw.jpg, id=1, 207.6558pt x 57.0933pt>
File: RZ_Logo_Uni_sw.jpg Graphic file (type jpg)
 <use RZ_Logo_Uni_sw.jpg>
[1


{/var/lib/texmf/fonts/map/pdftex/updmap/pdftex.map} <./RZ_Logo_Uni_sw.jpg>]
[2

] (./dip.toc
LaTeX Font Info:    External font `cmex10' loaded for size
(Font)              <7> on input line 5.
LaTeX Font Info:    External font `cmex10' loaded for size
(Font)              <5> on input line 5.
)
\tf@toc=\write4
\openout4 = `dip.toc'.

 [3] [4

] [5] [6

]
 1.
(./generalintroduction.tex [7]
LaTeX Font Info:    External font `cmex10' loaded for size
(Font)              <8> on input line 17.
LaTeX Font Info:    External font `cmex10' loaded for size
(Font)              <6> on input line 17.
 [8]
(/usr/share/texmf-texlive/tex/latex/ucs/data/uni-32.def
File: uni-32.def 2004/10/17 UCS: Unicode data U+2000..U+20FF
)

Package natbib Warning: Citation `Enriquez1993' on page 9 undefined on input li
ne 25.


Package natbib Warning: Citation `Dykmans2002' on page 9 undefined on input lin
e 30.


Package natbib Warning: Citation `Sinsabaugh2011' on page 9 undefined on input 
line 32.

[9] [10] <decompositionmodel_berg.jpg, id=43, 316.64691pt x 367.31041pt>
File: decompositionmodel_berg.jpg Graphic file (type jpg)

<use decompositionmodel_berg.jpg> [11 <./decompositionmodel_berg.jpg>]
<decompositionmodel_klotzbuecher.jpg, id=47, 412.75856pt x 245.867pt>
File: decompositionmodel_klotzbuecher.jpg Graphic file (type jpg)

<use decompositionmodel_klotzbuecher.jpg>
LaTeX Font Info:    Try loading font information for TS1+aer on input line 79.

(/usr/share/texmf/tex/latex/R/tex/latex/ts1aer.fd
File: ts1aer.fd 
)
LaTeX Font Info:    Font shape `TS1/aer/m/n' in size <10> not available
(Font)              Font shape `TS1/cmr/m/n' tried instead on input line 79.
 [12 <./decompositionmodel_klotzbuecher.jpg>] [13] [14

]
 2.

Underfull \vbox (badness 10000) has occurred while \output is active []

 [15]
Underfull \vbox (badness 10000) has occurred while \output is active []

 [16]

Package natbib Warning: Citation `Ralph1991' on page 17 undefined on input line
 181.


Package natbib Warning: Citation `Vancampenhout2009 ' on page 17 undefined on i
nput line 181.

[17]) [18] (./dip.bbl
LaTeX Font Info:    Try loading font information for T1+aett on input line 24.
 (/usr/share/texmf-texlive/tex/latex/ae/t1aett.fd
File: t1aett.fd 1997/11/16 Font definitions for T1/aett.
)
Underfull \hbox (badness 5533) in paragraph at lines 16--25
[]\T1/aer/m/n/10 P Boc-chini, G.C Gal-letti, S Ca-marero, and A.T Mar-tinez.  A
b-so-lute quan-ti-ta-tion of
 []


Underfull \hbox (badness 2103) in paragraph at lines 16--25
\T1/aer/m/n/10 lignin py-rol-y-sis prod-ucts us-ing an in-ter-nal stan-dard.  \
T1/aer/m/it/10 Jour-nal of Chro-matog-ra-phy A\T1/aer/m/n/10 , 773
 []


Underfull \hbox (badness 2334) in paragraph at lines 16--25
\T1/aer/m/n/10 (1-2):227--232, June 1997.  ISSN 00219673.  doi: 10.1016/S0021-9
673(97)00114-3.  URL
 []


Underfull \hbox (badness 2653) in paragraph at lines 27--43
[]\T1/aer/m/n/10 P. Bu-ur-man and R. Roscoe.  Dif-fer-ent chem-i-cal com-po-si-
tion of free light, oc-cluded light
 []


Underfull \hbox (badness 2735) in paragraph at lines 27--43
\T1/aer/m/n/10 and ex-tractable SOM frac-tions in soils of Cer-rado and tilled 
and un-tilled fields, Mi-nas
 []


Underfull \hbox (badness 2368) in paragraph at lines 27--43
\T1/aer/m/n/10 Gerais, Brazil: a pyrolysis-GC/MS study.  \T1/aer/m/it/10 Eu-ro-
pean Jour-nal of Soil Sci-ence\T1/aer/m/n/10 , 62(April):
 []


Underfull \hbox (badness 2600) in paragraph at lines 27--43
\T1/aer/m/n/10 no--no, De-cem-ber 2010.  ISSN 13510754.  doi: 10.1111/j.1365-23
89.2010.01327.x.  URL
 []


Overfull \hbox (777.94984pt too wide) in paragraph at lines 27--43
\T1/aett/m/n/10 https://univpn.univie.ac.at/+CSCO+c0756767633A2F2F6A6A6A2E76617
47261676E706261617270672E70627A++/content/bsc/ejss/2011/00000062/00000002/art00
007?token=0051140b65566e586546243138427c20794c7a766725535e4e26636a6b7c253033297
691b0f7e8512
 []


Overfull \hbox (264.4308pt too wide) in paragraph at lines 27--43
\T1/aett/m/n/10 http://apps.isiknowledge.com/full_record.do?product=UA&search_m
ode=GeneralSearch&qid=1&SID=Y1lNPe9Ddh3C36mFCi5&page=1&doc=4&colname=WOS
 []


Underfull \hbox (badness 6364) in paragraph at lines 61--66
[]\T1/aer/m/n/10 Joseph M Craine, Carl Mor-row, and Noah Fierer.  Mi-cro-bial n
i-tro-gen lim-i-ta-tion in-
 []


Underfull \hbox (badness 3098) in paragraph at lines 61--66
\T1/aer/m/n/10 creases de-com-po-si-tion.  \T1/aer/m/it/10 Ecol-ogy\T1/aer/m/n/
10 , 88(8):2105--13, Au-gust 2007.  ISSN 0012-9658.  URL
 []


Overfull \hbox (246.24074pt too wide) in paragraph at lines 70--84
\T1/aett/m/n/10 http://scholar.google.com/scholar?hl=en&btnG=Search&q=intitle:C
ouplings+Between+Changes+in+the+Climate+System+and+Biogeochemistry#0\T1/aer/m/n
/10 . 
 []

[19

]
Underfull \hbox (badness 10000) in paragraph at lines 109--116
[]\T1/aer/m/n/10 Daryl L. Moor-head and Robert L. Sins-abaugh.  A the-o-ret-i-c
al model of lit-ter de-
 []


Underfull \hbox (badness 7981) in paragraph at lines 109--116
\T1/aer/m/n/10 cay and mi-cro-bial in-ter-ac-tion.  \T1/aer/m/it/10 Eco-log-i-c
al Mono-graphs\T1/aer/m/n/10 , 76(2):151--174, 2006.  URL
 []

[20]
Underfull \hbox (badness 1708) in paragraph at lines 187--198
\T1/aer/m/n/10 De-ter-mi-na-tion of gross rates of amino acid pro-duc-tion and 
im-mo-bi-liza-tion in de-com-pos-ing
 []


Underfull \hbox (badness 2277) in paragraph at lines 187--198
\T1/aer/m/n/10 leaf lit-ter by a novel N-15 iso-tope pool di-lu-tion tech-nique
.  \T1/aer/m/it/10 Soil Bi-ol-ogy and Bio-chem-
 []


Underfull \hbox (badness 2189) in paragraph at lines 187--198
\T1/aer/m/it/10 istry\T1/aer/m/n/10 , 42(8):1293--1302, 2010.  ISSN 00380717.  
doi: 10.1016/j.soilbio.2010.04.001.  URL
 []

) [21] [22

]
 3.
[23] <sbb.pdf, id=90, page=1, 614.295pt x 794.97pt>
File: sbb.pdf Graphic file (type pdf)
 <use sbb.pdf, page 1>
File: sbb.pdf Graphic file (type pdf)

<use sbb.pdf, page 1>
File: sbb.pdf Graphic file (type pdf)
 <use sbb.pdf, page 1>
File: sbb.pdf Graphic file (type pdf)
 <use sbb.pdf, page 1>
File: sbb.pdf Graphic file (type pdf)

<use sbb.pdf, page 1> [24 <./sbb.pdf>]

Package natbib Warning: There were undefined citations.

(./dip.aux) ) 
Here is how much of TeX's memory you used:
 4264 strings out of 493848
 60442 string characters out of 1152822
 122687 words of memory out of 3000000
 7415 multiletter control sequences out of 15000+50000
 39867 words of font info for 73 fonts, out of 3000000 for 9000
 714 hyphenation exceptions out of 8191
 35i,17n,43p,1483b,403s stack positions out of 5000i,500n,10000p,200000b,50000s
{/usr/share/texmf/fonts/enc/dvips/cm-super/cm-super-ts1.enc}</usr/
share/texmf-texlive/fonts/type1/public/amsfonts/cm/cmbx10.pfb></usr/share/texmf
-texlive/fonts/type1/public/amsfonts/cm/cmbx12.pfb></usr/share/texmf-texlive/fo
nts/type1/public/amsfonts/cm/cmmi10.pfb></usr/share/texmf-texlive/fonts/type1/p
ublic/amsfonts/cm/cmr10.pfb></usr/share/texmf-texlive/fonts/type1/public/amsfon
ts/cm/cmr12.pfb></usr/share/texmf-texlive/fonts/type1/public/amsfonts/cm/cmr17.
pfb></usr/share/texmf-texlive/fonts/type1/public/amsfonts/cm/cmr6.pfb></usr/sha
re/texmf-texlive/fonts/type1/public/amsfonts/cm/cmr7.pfb></usr/share/texmf-texl
ive/fonts/type1/public/amsfonts/cm/cmr8.pfb></usr/share/texmf-texlive/fonts/typ
e1/public/amsfonts/cm/cmsy10.pfb></usr/share/texmf-texlive/fonts/type1/public/a
msfonts/cm/cmti10.pfb></usr/share/texmf-texlive/fonts/type1/public/amsfonts/cm/
cmti7.pfb></usr/share/texmf-texlive/fonts/type1/public/amsfonts/cm/cmtt10.pfb><
/usr/share/texmf/fonts/type1/public/cm-super/sfrm1000.pfb>
Output written on dip.pdf (24 pages, 402531 bytes).
PDF statistics:
 169 PDF objects out of 1000 (max. 8388607)
 0 named destinations out of 1000 (max. 500000)
 31 words of extra memory for PDF output out of 10000 (max. 10000000)

